0 info it worked if it ends with ok
1 verbose cli [ 'C:\\Program Files\\nodejs\\\\node.exe',
1 verbose cli   'C:\\Program Files\\nodejs\\node_modules\\npm\\bin\\npm-cli.js',
1 verbose cli   'start' ]
2 info using npm@1.1.59
3 info using node@v0.8.8
4 verbose node symlink C:\Program Files\nodejs\\node.exe
5 verbose read json C:\push3\pushd-master\package.json
6 verbose run-script [ 'prestart', 'start', 'poststart' ]
7 info prestart pushd@1.5.10
8 info start pushd@1.5.10
9 verbose unsafe-perm in lifecycle true
10 silly exec cmd "/c" "sudo node server.js"
11 silly cmd,/c,sudo node server.js,C:\push3\pushd-master spawning
12 info pushd@1.5.10 Failed to exec start script
13 error pushd@1.5.10 start: `sudo node server.js`
13 error `cmd "/c" "sudo node server.js"` failed with 1
14 error Failed at the pushd@1.5.10 start script.
14 error This is most likely a problem with the pushd package,
14 error not with npm itself.
14 error Tell the author that this fails on your system:
14 error     sudo node server.js
14 error You can get their info via:
14 error     npm owner ls pushd
14 error There is likely additional logging output above.
15 error System Windows_NT 6.1.7601
16 error command "C:\\Program Files\\nodejs\\\\node.exe" "C:\\Program Files\\nodejs\\node_modules\\npm\\bin\\npm-cli.js" "start"
17 error cwd C:\push3\pushd-master
18 error node -v v0.8.8
19 error npm -v 1.1.59
20 error code ELIFECYCLE
21 verbose exit [ 1, true ]
